<?xml version="1.0" encoding="UTF-8"?>
<!-- Generated by org.testng.reporters.JUnitReportReporter -->
<testsuite skipped="0" hostname="DeepikaHPLaptop" name="variousConcepts.LearnTestNG" tests="2" failures="0" timestamp="2022-08-16T13:00:50 EDT" time="10.642" errors="0">
  <testcase name="loginTest" time="3.307" classname="variousConcepts.LearnTestNG"/>
  <system-out/>
  <testcase name="addcustomer" time="7.335" classname="variousConcepts.LearnTestNG"/>
  <system-out/>
</testsuite> <!-- variousConcepts.LearnTestNG -->
