<?xml version="1.0" encoding="UTF-8"?>
<!-- Generated by org.testng.reporters.JUnitReportReporter -->
<testsuite hostname="DeepikaHPLaptop" failures="0" tests="2" name="variousConcepts.LearnTestNG" time="8.704" errors="0" timestamp="2022-07-15T11:06:49 EDT" skipped="0">
  <testcase classname="variousConcepts.LearnTestNG" name="loginTest" time="3.828"/>
  <system-out/>
  <testcase classname="variousConcepts.LearnTestNG" name="addcustomer" time="4.876"/>
  <system-out/>
</testsuite> <!-- variousConcepts.LearnTestNG -->
